<?xml version="1.0" encoding="UTF-8"?>
<coverage generated="1544452655862" clover="3.2.0">
  <project timestamp="1544452655862" name="All files">
    <metrics statements="74" coveredstatements="74" conditionals="74" coveredconditionals="72" methods="7" coveredmethods="7" elements="155" coveredelements="153" complexity="0" loc="74" ncloc="74" packages="1" files="1" classes="1">
      <file name="tabletojson.js" path="/Users/d032233/dev/github/tabletojson/lib/tabletojson.js">
        <metrics statements="74" coveredstatements="74" conditionals="74" coveredconditionals="72" methods="7" coveredmethods="7"/>
        <line num="3" count="2" type="stmt"/>
        <line num="4" count="2" type="stmt"/>
        <line num="25" count="33" type="stmt"/>
        <line num="44" count="33" type="cond" truecount="2" falsecount="0"/>
        <line num="45" count="1" type="stmt"/>
        <line num="46" count="1" type="stmt"/>
        <line num="47" count="32" type="cond" truecount="2" falsecount="0"/>
        <line num="48" count="1" type="stmt"/>
        <line num="49" count="1" type="stmt"/>
        <line num="52" count="33" type="stmt"/>
        <line num="53" count="33" type="stmt"/>
        <line num="55" count="33" type="stmt"/>
        <line num="57" count="33" type="cond" truecount="2" falsecount="0"/>
        <line num="58" count="33" type="cond" truecount="2" falsecount="0"/>
        <line num="60" count="33" type="stmt"/>
        <line num="61" count="285" type="stmt"/>
        <line num="62" count="285" type="stmt"/>
        <line num="66" count="285" type="stmt"/>
        <line num="68" count="285" type="stmt"/>
        <line num="70" count="285" type="cond" truecount="2" falsecount="0"/>
        <line num="71" count="285" type="stmt"/>
        <line num="73" count="285" type="stmt"/>
        <line num="74" count="6872" type="stmt"/>
        <line num="77" count="1132" type="cond" truecount="4" falsecount="0"/>
        <line num="78" count="1057" type="cond" truecount="5" falsecount="0"/>
        <line num="79" count="1023" type="stmt"/>
        <line num="81" count="1023" type="cond" truecount="2" falsecount="0"/>
        <line num="82" count="172" type="stmt"/>
        <line num="84" count="851" type="cond" truecount="2" falsecount="0"/>
        <line num="93" count="1023" type="stmt"/>
        <line num="94" count="1023" type="cond" truecount="4" falsecount="0"/>
        <line num="95" count="136" type="stmt"/>
        <line num="96" count="136" type="cond" truecount="2" falsecount="0"/>
        <line num="98" count="887" type="stmt"/>
        <line num="99" count="887" type="stmt"/>
        <line num="105" count="285" type="stmt"/>
        <line num="108" count="6700" type="stmt"/>
        <line num="110" count="6700" type="cond" truecount="2" falsecount="0"/>
        <line num="111" count="6700" type="stmt"/>
        <line num="113" count="23764" type="cond" truecount="2" falsecount="0"/>
        <line num="114" count="23032" type="stmt"/>
        <line num="115" count="23032" type="cond" truecount="2" falsecount="0"/>
        <line num="116" count="292" type="stmt"/>
        <line num="117" count="292" type="cond" truecount="4" falsecount="0"/>
        <line num="121" count="23514" type="cond" truecount="4" falsecount="0"/>
        <line num="122" count="22086" type="cond" truecount="5" falsecount="0"/>
        <line num="124" count="21382" type="cond" truecount="2" falsecount="0"/>
        <line num="132" count="21382" type="cond" truecount="4" falsecount="0"/>
        <line num="133" count="20226" type="stmt"/>
        <line num="135" count="1156" type="stmt"/>
        <line num="140" count="6700" type="cond" truecount="2" falsecount="0"/>
        <line num="142" count="6700" type="cond" truecount="4" falsecount="0"/>
        <line num="143" count="1" type="stmt"/>
        <line num="148" count="285" type="cond" truecount="3" falsecount="1"/>
        <line num="149" count="285" type="stmt"/>
        <line num="152" count="33" type="stmt"/>
        <line num="175" count="6" type="stmt"/>
        <line num="176" count="6" type="stmt"/>
        <line num="177" count="6" type="stmt"/>
        <line num="179" count="6" type="cond" truecount="2" falsecount="0"/>
        <line num="181" count="1" type="stmt"/>
        <line num="184" count="1" type="cond" truecount="1" falsecount="1"/>
        <line num="185" count="1" type="stmt"/>
        <line num="188" count="1" type="stmt"/>
        <line num="189" count="1" type="stmt"/>
        <line num="190" count="5" type="cond" truecount="2" falsecount="0"/>
        <line num="192" count="1" type="stmt"/>
        <line num="195" count="1" type="stmt"/>
        <line num="196" count="1" type="stmt"/>
        <line num="199" count="4" type="cond" truecount="2" falsecount="0"/>
        <line num="202" count="4" type="cond" truecount="2" falsecount="0"/>
        <line num="203" count="4" type="stmt"/>
        <line num="204" count="3" type="stmt"/>
        <line num="210" count="2" type="stmt"/>
      </file>
    </metrics>
  </project>
</coverage>
