{"/Users/d032233/dev/github/tabletojson/lib/tabletojson.js": {"path":"/Users/d032233/dev/github/tabletojson/lib/tabletojson.js","statementMap":{"0":{"start":{"line":3,"column":23},"end":{"line":3,"column":59}},"1":{"start":{"line":4,"column":16},"end":{"line":4,"column":34}},"2":{"start":{"line":25,"column":8},"end":{"line":42,"column":10}},"3":{"start":{"line":44,"column":8},"end":{"line":50,"column":9}},"4":{"start":{"line":45,"column":12},"end":{"line":45,"column":49}},"5":{"start":{"line":46,"column":12},"end":{"line":46,"column":46}},"6":{"start":{"line":47,"column":15},"end":{"line":50,"column":9}},"7":{"start":{"line":48,"column":12},"end":{"line":48,"column":50}},"8":{"start":{"line":49,"column":12},"end":{"line":49,"column":47}},"9":{"start":{"line":52,"column":29},"end":{"line":52,"column":31}},"10":{"start":{"line":53,"column":21},"end":{"line":53,"column":30}},"11":{"start":{"line":55,"column":18},"end":{"line":55,"column":36}},"12":{"start":{"line":57,"column":34},"end":{"line":57,"column":104}},"13":{"start":{"line":58,"column":8},"end":{"line":58,"column":87}},"14":{"start":{"line":60,"column":8},"end":{"line":150,"column":11}},"15":{"start":{"line":61,"column":32},"end":{"line":61,"column":34}},"16":{"start":{"line":62,"column":32},"end":{"line":62,"column":34}},"17":{"start":{"line":66,"column":35},"end":{"line":66,"column":37}},"18":{"start":{"line":68,"column":22},"end":{"line":68,"column":41}},"19":{"start":{"line":70,"column":12},"end":{"line":70,"column":64}},"20":{"start":{"line":70,"column":48},"end":{"line":70,"column":64}},"21":{"start":{"line":71,"column":34},"end":{"line":71,"column":35}},"22":{"start":{"line":73,"column":12},"end":{"line":102,"column":15}},"23":{"start":{"line":74,"column":16},"end":{"line":101,"column":23}},"24":{"start":{"line":77,"column":24},"end":{"line":77,"column":92}},"25":{"start":{"line":77,"column":85},"end":{"line":77,"column":92}},"26":{"start":{"line":78,"column":24},"end":{"line":78,"column":119}},"27":{"start":{"line":78,"column":112},"end":{"line":78,"column":119}},"28":{"start":{"line":79,"column":36},"end":{"line":79,"column":38}},"29":{"start":{"line":81,"column":24},"end":{"line":91,"column":25}},"30":{"start":{"line":82,"column":28},"end":{"line":82,"column":72}},"31":{"start":{"line":84,"column":28},"end":{"line":90,"column":46}},"32":{"start":{"line":93,"column":37},"end":{"line":93,"column":55}},"33":{"start":{"line":94,"column":24},"end":{"line":100,"column":25}},"34":{"start":{"line":95,"column":28},"end":{"line":95,"column":58}},"35":{"start":{"line":96,"column":28},"end":{"line":96,"column":88}},"36":{"start":{"line":98,"column":28},"end":{"line":98,"column":51}},"37":{"start":{"line":99,"column":28},"end":{"line":99,"column":54}},"38":{"start":{"line":105,"column":12},"end":{"line":145,"column":19}},"39":{"start":{"line":108,"column":38},"end":{"line":108,"column":40}},"40":{"start":{"line":110,"column":34},"end":{"line":110,"column":108}},"41":{"start":{"line":111,"column":20},"end":{"line":137,"column":23}},"42":{"start":{"line":113,"column":24},"end":{"line":119,"column":25}},"43":{"start":{"line":114,"column":42},"end":{"line":114,"column":62}},"44":{"start":{"line":115,"column":28},"end":{"line":118,"column":29}},"45":{"start":{"line":116,"column":42},"end":{"line":116,"column":78}},"46":{"start":{"line":117,"column":32},"end":{"line":117,"column":62}},"47":{"start":{"line":117,"column":55},"end":{"line":117,"column":62}},"48":{"start":{"line":121,"column":24},"end":{"line":121,"column":92}},"49":{"start":{"line":121,"column":85},"end":{"line":121,"column":92}},"50":{"start":{"line":122,"column":24},"end":{"line":122,"column":119}},"51":{"start":{"line":122,"column":112},"end":{"line":122,"column":119}},"52":{"start":{"line":124,"column":40},"end":{"line":130,"column":41}},"53":{"start":{"line":132,"column":24},"end":{"line":136,"column":25}},"54":{"start":{"line":133,"column":28},"end":{"line":133,"column":67}},"55":{"start":{"line":135,"column":28},"end":{"line":135,"column":51}},"56":{"start":{"line":140,"column":20},"end":{"line":140,"column":88}},"57":{"start":{"line":140,"column":60},"end":{"line":140,"column":88}},"58":{"start":{"line":142,"column":20},"end":{"line":144,"column":21}},"59":{"start":{"line":143,"column":24},"end":{"line":143,"column":37}},"60":{"start":{"line":148,"column":12},"end":{"line":149,"column":47}},"61":{"start":{"line":149,"column":16},"end":{"line":149,"column":47}},"62":{"start":{"line":152,"column":8},"end":{"line":152,"column":28}},"63":{"start":{"line":175,"column":22},"end":{"line":175,"column":26}},"64":{"start":{"line":176,"column":23},"end":{"line":176,"column":27}},"65":{"start":{"line":177,"column":29},"end":{"line":177,"column":33}},"66":{"start":{"line":179,"column":8},"end":{"line":205,"column":9}},"67":{"start":{"line":181,"column":12},"end":{"line":181,"column":27}},"68":{"start":{"line":184,"column":12},"end":{"line":184,"column":51}},"69":{"start":{"line":185,"column":12},"end":{"line":185,"column":28}},"70":{"start":{"line":188,"column":25},"end":{"line":188,"column":75}},"71":{"start":{"line":189,"column":12},"end":{"line":189,"column":75}},"72":{"start":{"line":190,"column":15},"end":{"line":205,"column":9}},"73":{"start":{"line":192,"column":12},"end":{"line":192,"column":28}},"74":{"start":{"line":195,"column":25},"end":{"line":195,"column":59}},"75":{"start":{"line":196,"column":12},"end":{"line":196,"column":75}},"76":{"start":{"line":199,"column":12},"end":{"line":199,"column":33}},"77":{"start":{"line":202,"column":12},"end":{"line":202,"column":51}},"78":{"start":{"line":203,"column":25},"end":{"line":203,"column":75}},"79":{"start":{"line":204,"column":12},"end":{"line":204,"column":54}},"80":{"start":{"line":210,"column":0},"end":{"line":214,"column":2}}},"fnMap":{"0":{"name":"(anonymous_0)","decl":{"start":{"line":24,"column":4},"end":{"line":24,"column":5}},"loc":{"start":{"line":24,"column":34},"end":{"line":153,"column":5}},"line":24},"1":{"name":"(anonymous_1)","decl":{"start":{"line":60,"column":46},"end":{"line":60,"column":47}},"loc":{"start":{"line":60,"column":65},"end":{"line":150,"column":9}},"line":60},"2":{"name":"(anonymous_2)","decl":{"start":{"line":73,"column":21},"end":{"line":73,"column":22}},"loc":{"start":{"line":73,"column":38},"end":{"line":102,"column":13}},"line":73},"3":{"name":"(anonymous_3)","decl":{"start":{"line":76,"column":26},"end":{"line":76,"column":27}},"loc":{"start":{"line":76,"column":44},"end":{"line":101,"column":21}},"line":76},"4":{"name":"(anonymous_4)","decl":{"start":{"line":107,"column":22},"end":{"line":107,"column":23}},"loc":{"start":{"line":107,"column":39},"end":{"line":145,"column":17}},"line":107},"5":{"name":"(anonymous_5)","decl":{"start":{"line":111,"column":31},"end":{"line":111,"column":32}},"loc":{"start":{"line":111,"column":49},"end":{"line":137,"column":21}},"line":111},"6":{"name":"(anonymous_6)","decl":{"start":{"line":174,"column":4},"end":{"line":174,"column":5}},"loc":{"start":{"line":174,"column":45},"end":{"line":206,"column":5}},"line":174}},"branchMap":{"0":{"loc":{"start":{"line":44,"column":8},"end":{"line":50,"column":9}},"type":"if","locations":[{"start":{"line":44,"column":8},"end":{"line":50,"column":9}},{"start":{"line":44,"column":8},"end":{"line":50,"column":9}}],"line":44},"1":{"loc":{"start":{"line":47,"column":15},"end":{"line":50,"column":9}},"type":"if","locations":[{"start":{"line":47,"column":15},"end":{"line":50,"column":9}},{"start":{"line":47,"column":15},"end":{"line":50,"column":9}}],"line":47},"2":{"loc":{"start":{"line":57,"column":34},"end":{"line":57,"column":104}},"type":"cond-expr","locations":[{"start":{"line":57,"column":60},"end":{"line":57,"column":99}},{"start":{"line":57,"column":102},"end":{"line":57,"column":104}}],"line":57},"3":{"loc":{"start":{"line":58,"column":30},"end":{"line":58,"column":86}},"type":"cond-expr","locations":[{"start":{"line":58,"column":43},"end":{"line":58,"column":81}},{"start":{"line":58,"column":84},"end":{"line":58,"column":86}}],"line":58},"4":{"loc":{"start":{"line":70,"column":12},"end":{"line":70,"column":64}},"type":"if","locations":[{"start":{"line":70,"column":12},"end":{"line":70,"column":64}},{"start":{"line":70,"column":12},"end":{"line":70,"column":64}}],"line":70},"5":{"loc":{"start":{"line":77,"column":24},"end":{"line":77,"column":92}},"type":"if","locations":[{"start":{"line":77,"column":24},"end":{"line":77,"column":92}},{"start":{"line":77,"column":24},"end":{"line":77,"column":92}}],"line":77},"6":{"loc":{"start":{"line":77,"column":28},"end":{"line":77,"column":83}},"type":"binary-expr","locations":[{"start":{"line":77,"column":28},"end":{"line":77,"column":47}},{"start":{"line":77,"column":51},"end":{"line":77,"column":83}}],"line":77},"7":{"loc":{"start":{"line":78,"column":24},"end":{"line":78,"column":119}},"type":"if","locations":[{"start":{"line":78,"column":24},"end":{"line":78,"column":119}},{"start":{"line":78,"column":24},"end":{"line":78,"column":119}}],"line":78},"8":{"loc":{"start":{"line":78,"column":28},"end":{"line":78,"column":110}},"type":"binary-expr","locations":[{"start":{"line":78,"column":28},"end":{"line":78,"column":49}},{"start":{"line":78,"column":53},"end":{"line":78,"column":73}},{"start":{"line":78,"column":77},"end":{"line":78,"column":110}}],"line":78},"9":{"loc":{"start":{"line":81,"column":24},"end":{"line":91,"column":25}},"type":"if","locations":[{"start":{"line":81,"column":24},"end":{"line":91,"column":25}},{"start":{"line":81,"column":24},"end":{"line":91,"column":25}}],"line":81},"10":{"loc":{"start":{"line":84,"column":36},"end":{"line":90,"column":45}},"type":"cond-expr","locations":[{"start":{"line":85,"column":34},"end":{"line":87,"column":45}},{"start":{"line":88,"column":34},"end":{"line":90,"column":45}}],"line":84},"11":{"loc":{"start":{"line":94,"column":24},"end":{"line":100,"column":25}},"type":"if","locations":[{"start":{"line":94,"column":24},"end":{"line":100,"column":25}},{"start":{"line":94,"column":24},"end":{"line":100,"column":25}}],"line":94},"12":{"loc":{"start":{"line":94,"column":28},"end":{"line":94,"column":66}},"type":"binary-expr","locations":[{"start":{"line":94,"column":28},"end":{"line":94,"column":32}},{"start":{"line":94,"column":36},"end":{"line":94,"column":66}}],"line":94},"13":{"loc":{"start":{"line":96,"column":48},"end":{"line":96,"column":87}},"type":"cond-expr","locations":[{"start":{"line":96,"column":63},"end":{"line":96,"column":83}},{"start":{"line":96,"column":86},"end":{"line":96,"column":87}}],"line":96},"14":{"loc":{"start":{"line":110,"column":34},"end":{"line":110,"column":108}},"type":"cond-expr","locations":[{"start":{"line":110,"column":67},"end":{"line":110,"column":88}},{"start":{"line":110,"column":91},"end":{"line":110,"column":108}}],"line":110},"15":{"loc":{"start":{"line":113,"column":24},"end":{"line":119,"column":25}},"type":"if","locations":[{"start":{"line":113,"column":24},"end":{"line":119,"column":25}},{"start":{"line":113,"column":24},"end":{"line":119,"column":25}}],"line":113},"16":{"loc":{"start":{"line":115,"column":28},"end":{"line":118,"column":29}},"type":"if","locations":[{"start":{"line":115,"column":28},"end":{"line":118,"column":29}},{"start":{"line":115,"column":28},"end":{"line":118,"column":29}}],"line":115},"17":{"loc":{"start":{"line":117,"column":32},"end":{"line":117,"column":62}},"type":"if","locations":[{"start":{"line":117,"column":32},"end":{"line":117,"column":62}},{"start":{"line":117,"column":32},"end":{"line":117,"column":62}}],"line":117},"18":{"loc":{"start":{"line":117,"column":36},"end":{"line":117,"column":53}},"type":"binary-expr","locations":[{"start":{"line":117,"column":36},"end":{"line":117,"column":37}},{"start":{"line":117,"column":41},"end":{"line":117,"column":53}}],"line":117},"19":{"loc":{"start":{"line":121,"column":24},"end":{"line":121,"column":92}},"type":"if","locations":[{"start":{"line":121,"column":24},"end":{"line":121,"column":92}},{"start":{"line":121,"column":24},"end":{"line":121,"column":92}}],"line":121},"20":{"loc":{"start":{"line":121,"column":28},"end":{"line":121,"column":83}},"type":"binary-expr","locations":[{"start":{"line":121,"column":28},"end":{"line":121,"column":47}},{"start":{"line":121,"column":51},"end":{"line":121,"column":83}}],"line":121},"21":{"loc":{"start":{"line":122,"column":24},"end":{"line":122,"column":119}},"type":"if","locations":[{"start":{"line":122,"column":24},"end":{"line":122,"column":119}},{"start":{"line":122,"column":24},"end":{"line":122,"column":119}}],"line":122},"22":{"loc":{"start":{"line":122,"column":28},"end":{"line":122,"column":110}},"type":"binary-expr","locations":[{"start":{"line":122,"column":28},"end":{"line":122,"column":49}},{"start":{"line":122,"column":53},"end":{"line":122,"column":73}},{"start":{"line":122,"column":77},"end":{"line":122,"column":110}}],"line":122},"23":{"loc":{"start":{"line":124,"column":40},"end":{"line":130,"column":41}},"type":"cond-expr","locations":[{"start":{"line":125,"column":30},"end":{"line":127,"column":41}},{"start":{"line":128,"column":30},"end":{"line":130,"column":41}}],"line":124},"24":{"loc":{"start":{"line":132,"column":24},"end":{"line":136,"column":25}},"type":"if","locations":[{"start":{"line":132,"column":24},"end":{"line":136,"column":25}},{"start":{"line":132,"column":24},"end":{"line":136,"column":25}}],"line":132},"25":{"loc":{"start":{"line":132,"column":28},"end":{"line":132,"column":76}},"type":"binary-expr","locations":[{"start":{"line":132,"column":28},"end":{"line":132,"column":45}},{"start":{"line":132,"column":49},"end":{"line":132,"column":76}}],"line":132},"26":{"loc":{"start":{"line":140,"column":20},"end":{"line":140,"column":88}},"type":"if","locations":[{"start":{"line":140,"column":20},"end":{"line":140,"column":88}},{"start":{"line":140,"column":20},"end":{"line":140,"column":88}}],"line":140},"27":{"loc":{"start":{"line":142,"column":20},"end":{"line":144,"column":21}},"type":"if","locations":[{"start":{"line":142,"column":20},"end":{"line":144,"column":21}},{"start":{"line":142,"column":20},"end":{"line":144,"column":21}}],"line":142},"28":{"loc":{"start":{"line":142,"column":24},"end":{"line":142,"column":68}},"type":"binary-expr","locations":[{"start":{"line":142,"column":24},"end":{"line":142,"column":41}},{"start":{"line":142,"column":45},"end":{"line":142,"column":68}}],"line":142},"29":{"loc":{"start":{"line":148,"column":12},"end":{"line":149,"column":47}},"type":"if","locations":[{"start":{"line":148,"column":12},"end":{"line":149,"column":47}},{"start":{"line":148,"column":12},"end":{"line":149,"column":47}}],"line":148},"30":{"loc":{"start":{"line":148,"column":16},"end":{"line":148,"column":55}},"type":"binary-expr","locations":[{"start":{"line":148,"column":16},"end":{"line":148,"column":27}},{"start":{"line":148,"column":31},"end":{"line":148,"column":55}}],"line":148},"31":{"loc":{"start":{"line":179,"column":8},"end":{"line":205,"column":9}},"type":"if","locations":[{"start":{"line":179,"column":8},"end":{"line":205,"column":9}},{"start":{"line":179,"column":8},"end":{"line":205,"column":9}}],"line":179},"32":{"loc":{"start":{"line":184,"column":29},"end":{"line":184,"column":50}},"type":"binary-expr","locations":[{"start":{"line":184,"column":29},"end":{"line":184,"column":44}},{"start":{"line":184,"column":48},"end":{"line":184,"column":50}}],"line":184},"33":{"loc":{"start":{"line":190,"column":15},"end":{"line":205,"column":9}},"type":"if","locations":[{"start":{"line":190,"column":15},"end":{"line":205,"column":9}},{"start":{"line":190,"column":15},"end":{"line":205,"column":9}}],"line":190},"34":{"loc":{"start":{"line":199,"column":22},"end":{"line":199,"column":32}},"type":"binary-expr","locations":[{"start":{"line":199,"column":22},"end":{"line":199,"column":26}},{"start":{"line":199,"column":30},"end":{"line":199,"column":32}}],"line":199},"35":{"loc":{"start":{"line":202,"column":29},"end":{"line":202,"column":50}},"type":"binary-expr","locations":[{"start":{"line":202,"column":29},"end":{"line":202,"column":44}},{"start":{"line":202,"column":48},"end":{"line":202,"column":50}}],"line":202}},"s":{"0":2,"1":2,"2":33,"3":33,"4":1,"5":1,"6":32,"7":1,"8":1,"9":33,"10":33,"11":33,"12":33,"13":33,"14":33,"15":285,"16":285,"17":285,"18":285,"19":285,"20":1,"21":285,"22":285,"23":6872,"24":1132,"25":75,"26":1057,"27":34,"28":1023,"29":1023,"30":172,"31":851,"32":1023,"33":1023,"34":136,"35":136,"36":887,"37":887,"38":285,"39":6700,"40":6700,"41":6700,"42":23764,"43":23032,"44":23032,"45":292,"46":292,"47":250,"48":23514,"49":1428,"50":22086,"51":704,"52":21382,"53":21382,"54":20226,"55":1156,"56":6700,"57":6397,"58":6700,"59":1,"60":285,"61":285,"62":33,"63":6,"64":6,"65":6,"66":6,"67":1,"68":1,"69":1,"70":1,"71":1,"72":5,"73":1,"74":1,"75":1,"76":4,"77":4,"78":4,"79":3,"80":2},"f":{"0":33,"1":285,"2":6872,"3":1132,"4":6700,"5":23764,"6":6},"b":{"0":[1,32],"1":[1,31],"2":[2,31],"3":[1,32],"4":[1,284],"5":[75,1057],"6":[1132,120],"7":[34,1023],"8":[1057,125,80],"9":[172,851],"10":[771,80],"11":[136,887],"12":[1023,143],"13":[101,35],"14":[19,6681],"15":[23032,732],"16":[292,22740],"17":[250,42],"18":[292,250],"19":[1428,22086],"20":[23514,2166],"21":[704,21382],"22":[22086,2182,1444],"23":[19938,1444],"24":[20226,1156],"25":[21382,20226],"26":[6397,303],"27":[1,6699],"28":[6700,49],"29":[285,0],"30":[285,285],"31":[1,5],"32":[1,0],"33":[1,4],"34":[4,1],"35":[4,1]},"_coverageSchema":"332fd63041d2c1bcb487cc26dd0d5f7d97098a6c","hash":"72e6c04e7f1d2a0f32a5490bb019940f02114955"}
}
