{"/Users/d032233/dev/github/tabletojson/lib/tabletojson.js": {"path":"/Users/d032233/dev/github/tabletojson/lib/tabletojson.js","statementMap":{"0":{"start":{"line":3,"column":23},"end":{"line":3,"column":59}},"1":{"start":{"line":4,"column":16},"end":{"line":4,"column":34}},"2":{"start":{"line":25,"column":8},"end":{"line":41,"column":10}},"3":{"start":{"line":43,"column":8},"end":{"line":49,"column":9}},"4":{"start":{"line":44,"column":12},"end":{"line":44,"column":49}},"5":{"start":{"line":45,"column":12},"end":{"line":45,"column":46}},"6":{"start":{"line":46,"column":15},"end":{"line":49,"column":9}},"7":{"start":{"line":47,"column":12},"end":{"line":47,"column":50}},"8":{"start":{"line":48,"column":12},"end":{"line":48,"column":47}},"9":{"start":{"line":51,"column":29},"end":{"line":51,"column":31}},"10":{"start":{"line":52,"column":21},"end":{"line":52,"column":30}},"11":{"start":{"line":54,"column":18},"end":{"line":54,"column":36}},"12":{"start":{"line":56,"column":34},"end":{"line":56,"column":104}},"13":{"start":{"line":57,"column":8},"end":{"line":57,"column":87}},"14":{"start":{"line":59,"column":8},"end":{"line":145,"column":11}},"15":{"start":{"line":60,"column":32},"end":{"line":60,"column":34}},"16":{"start":{"line":61,"column":32},"end":{"line":61,"column":34}},"17":{"start":{"line":65,"column":35},"end":{"line":65,"column":37}},"18":{"start":{"line":67,"column":22},"end":{"line":67,"column":41}},"19":{"start":{"line":69,"column":12},"end":{"line":69,"column":64}},"20":{"start":{"line":69,"column":48},"end":{"line":69,"column":64}},"21":{"start":{"line":70,"column":34},"end":{"line":70,"column":35}},"22":{"start":{"line":72,"column":12},"end":{"line":101,"column":15}},"23":{"start":{"line":73,"column":16},"end":{"line":100,"column":23}},"24":{"start":{"line":76,"column":24},"end":{"line":76,"column":92}},"25":{"start":{"line":76,"column":85},"end":{"line":76,"column":92}},"26":{"start":{"line":77,"column":24},"end":{"line":77,"column":119}},"27":{"start":{"line":77,"column":112},"end":{"line":77,"column":119}},"28":{"start":{"line":78,"column":36},"end":{"line":78,"column":38}},"29":{"start":{"line":80,"column":24},"end":{"line":90,"column":25}},"30":{"start":{"line":81,"column":28},"end":{"line":81,"column":72}},"31":{"start":{"line":83,"column":28},"end":{"line":89,"column":46}},"32":{"start":{"line":92,"column":37},"end":{"line":92,"column":55}},"33":{"start":{"line":93,"column":24},"end":{"line":99,"column":25}},"34":{"start":{"line":94,"column":28},"end":{"line":94,"column":58}},"35":{"start":{"line":95,"column":28},"end":{"line":95,"column":88}},"36":{"start":{"line":97,"column":28},"end":{"line":97,"column":51}},"37":{"start":{"line":98,"column":28},"end":{"line":98,"column":54}},"38":{"start":{"line":104,"column":12},"end":{"line":140,"column":19}},"39":{"start":{"line":107,"column":38},"end":{"line":107,"column":40}},"40":{"start":{"line":109,"column":34},"end":{"line":109,"column":108}},"41":{"start":{"line":110,"column":20},"end":{"line":136,"column":23}},"42":{"start":{"line":112,"column":24},"end":{"line":118,"column":25}},"43":{"start":{"line":113,"column":42},"end":{"line":113,"column":62}},"44":{"start":{"line":114,"column":28},"end":{"line":117,"column":29}},"45":{"start":{"line":115,"column":42},"end":{"line":115,"column":78}},"46":{"start":{"line":116,"column":32},"end":{"line":116,"column":62}},"47":{"start":{"line":116,"column":55},"end":{"line":116,"column":62}},"48":{"start":{"line":120,"column":24},"end":{"line":120,"column":92}},"49":{"start":{"line":120,"column":85},"end":{"line":120,"column":92}},"50":{"start":{"line":121,"column":24},"end":{"line":121,"column":119}},"51":{"start":{"line":121,"column":112},"end":{"line":121,"column":119}},"52":{"start":{"line":123,"column":40},"end":{"line":129,"column":41}},"53":{"start":{"line":131,"column":24},"end":{"line":135,"column":25}},"54":{"start":{"line":132,"column":28},"end":{"line":132,"column":67}},"55":{"start":{"line":134,"column":28},"end":{"line":134,"column":51}},"56":{"start":{"line":139,"column":20},"end":{"line":139,"column":88}},"57":{"start":{"line":139,"column":60},"end":{"line":139,"column":88}},"58":{"start":{"line":143,"column":12},"end":{"line":144,"column":47}},"59":{"start":{"line":144,"column":16},"end":{"line":144,"column":47}},"60":{"start":{"line":147,"column":8},"end":{"line":147,"column":28}},"61":{"start":{"line":170,"column":22},"end":{"line":170,"column":26}},"62":{"start":{"line":171,"column":23},"end":{"line":171,"column":27}},"63":{"start":{"line":172,"column":29},"end":{"line":172,"column":33}},"64":{"start":{"line":174,"column":8},"end":{"line":200,"column":9}},"65":{"start":{"line":176,"column":12},"end":{"line":176,"column":27}},"66":{"start":{"line":179,"column":12},"end":{"line":179,"column":51}},"67":{"start":{"line":180,"column":12},"end":{"line":180,"column":28}},"68":{"start":{"line":183,"column":25},"end":{"line":183,"column":75}},"69":{"start":{"line":184,"column":12},"end":{"line":184,"column":75}},"70":{"start":{"line":185,"column":15},"end":{"line":200,"column":9}},"71":{"start":{"line":187,"column":12},"end":{"line":187,"column":28}},"72":{"start":{"line":190,"column":25},"end":{"line":190,"column":59}},"73":{"start":{"line":191,"column":12},"end":{"line":191,"column":75}},"74":{"start":{"line":194,"column":12},"end":{"line":194,"column":33}},"75":{"start":{"line":197,"column":12},"end":{"line":197,"column":51}},"76":{"start":{"line":198,"column":25},"end":{"line":198,"column":75}},"77":{"start":{"line":199,"column":12},"end":{"line":199,"column":54}},"78":{"start":{"line":205,"column":0},"end":{"line":209,"column":2}}},"fnMap":{"0":{"name":"(anonymous_0)","decl":{"start":{"line":24,"column":4},"end":{"line":24,"column":5}},"loc":{"start":{"line":24,"column":34},"end":{"line":148,"column":5}},"line":24},"1":{"name":"(anonymous_1)","decl":{"start":{"line":59,"column":46},"end":{"line":59,"column":47}},"loc":{"start":{"line":59,"column":65},"end":{"line":145,"column":9}},"line":59},"2":{"name":"(anonymous_2)","decl":{"start":{"line":72,"column":21},"end":{"line":72,"column":22}},"loc":{"start":{"line":72,"column":38},"end":{"line":101,"column":13}},"line":72},"3":{"name":"(anonymous_3)","decl":{"start":{"line":75,"column":26},"end":{"line":75,"column":27}},"loc":{"start":{"line":75,"column":44},"end":{"line":100,"column":21}},"line":75},"4":{"name":"(anonymous_4)","decl":{"start":{"line":106,"column":22},"end":{"line":106,"column":23}},"loc":{"start":{"line":106,"column":39},"end":{"line":140,"column":17}},"line":106},"5":{"name":"(anonymous_5)","decl":{"start":{"line":110,"column":31},"end":{"line":110,"column":32}},"loc":{"start":{"line":110,"column":49},"end":{"line":136,"column":21}},"line":110},"6":{"name":"(anonymous_6)","decl":{"start":{"line":169,"column":4},"end":{"line":169,"column":5}},"loc":{"start":{"line":169,"column":45},"end":{"line":201,"column":5}},"line":169}},"branchMap":{"0":{"loc":{"start":{"line":43,"column":8},"end":{"line":49,"column":9}},"type":"if","locations":[{"start":{"line":43,"column":8},"end":{"line":49,"column":9}},{"start":{"line":43,"column":8},"end":{"line":49,"column":9}}],"line":43},"1":{"loc":{"start":{"line":46,"column":15},"end":{"line":49,"column":9}},"type":"if","locations":[{"start":{"line":46,"column":15},"end":{"line":49,"column":9}},{"start":{"line":46,"column":15},"end":{"line":49,"column":9}}],"line":46},"2":{"loc":{"start":{"line":56,"column":34},"end":{"line":56,"column":104}},"type":"cond-expr","locations":[{"start":{"line":56,"column":60},"end":{"line":56,"column":99}},{"start":{"line":56,"column":102},"end":{"line":56,"column":104}}],"line":56},"3":{"loc":{"start":{"line":57,"column":30},"end":{"line":57,"column":86}},"type":"cond-expr","locations":[{"start":{"line":57,"column":43},"end":{"line":57,"column":81}},{"start":{"line":57,"column":84},"end":{"line":57,"column":86}}],"line":57},"4":{"loc":{"start":{"line":69,"column":12},"end":{"line":69,"column":64}},"type":"if","locations":[{"start":{"line":69,"column":12},"end":{"line":69,"column":64}},{"start":{"line":69,"column":12},"end":{"line":69,"column":64}}],"line":69},"5":{"loc":{"start":{"line":76,"column":24},"end":{"line":76,"column":92}},"type":"if","locations":[{"start":{"line":76,"column":24},"end":{"line":76,"column":92}},{"start":{"line":76,"column":24},"end":{"line":76,"column":92}}],"line":76},"6":{"loc":{"start":{"line":76,"column":28},"end":{"line":76,"column":83}},"type":"binary-expr","locations":[{"start":{"line":76,"column":28},"end":{"line":76,"column":47}},{"start":{"line":76,"column":51},"end":{"line":76,"column":83}}],"line":76},"7":{"loc":{"start":{"line":77,"column":24},"end":{"line":77,"column":119}},"type":"if","locations":[{"start":{"line":77,"column":24},"end":{"line":77,"column":119}},{"start":{"line":77,"column":24},"end":{"line":77,"column":119}}],"line":77},"8":{"loc":{"start":{"line":77,"column":28},"end":{"line":77,"column":110}},"type":"binary-expr","locations":[{"start":{"line":77,"column":28},"end":{"line":77,"column":49}},{"start":{"line":77,"column":53},"end":{"line":77,"column":73}},{"start":{"line":77,"column":77},"end":{"line":77,"column":110}}],"line":77},"9":{"loc":{"start":{"line":80,"column":24},"end":{"line":90,"column":25}},"type":"if","locations":[{"start":{"line":80,"column":24},"end":{"line":90,"column":25}},{"start":{"line":80,"column":24},"end":{"line":90,"column":25}}],"line":80},"10":{"loc":{"start":{"line":83,"column":36},"end":{"line":89,"column":45}},"type":"cond-expr","locations":[{"start":{"line":84,"column":34},"end":{"line":86,"column":45}},{"start":{"line":87,"column":34},"end":{"line":89,"column":45}}],"line":83},"11":{"loc":{"start":{"line":93,"column":24},"end":{"line":99,"column":25}},"type":"if","locations":[{"start":{"line":93,"column":24},"end":{"line":99,"column":25}},{"start":{"line":93,"column":24},"end":{"line":99,"column":25}}],"line":93},"12":{"loc":{"start":{"line":93,"column":28},"end":{"line":93,"column":66}},"type":"binary-expr","locations":[{"start":{"line":93,"column":28},"end":{"line":93,"column":32}},{"start":{"line":93,"column":36},"end":{"line":93,"column":66}}],"line":93},"13":{"loc":{"start":{"line":95,"column":48},"end":{"line":95,"column":87}},"type":"cond-expr","locations":[{"start":{"line":95,"column":63},"end":{"line":95,"column":83}},{"start":{"line":95,"column":86},"end":{"line":95,"column":87}}],"line":95},"14":{"loc":{"start":{"line":109,"column":34},"end":{"line":109,"column":108}},"type":"cond-expr","locations":[{"start":{"line":109,"column":67},"end":{"line":109,"column":88}},{"start":{"line":109,"column":91},"end":{"line":109,"column":108}}],"line":109},"15":{"loc":{"start":{"line":112,"column":24},"end":{"line":118,"column":25}},"type":"if","locations":[{"start":{"line":112,"column":24},"end":{"line":118,"column":25}},{"start":{"line":112,"column":24},"end":{"line":118,"column":25}}],"line":112},"16":{"loc":{"start":{"line":114,"column":28},"end":{"line":117,"column":29}},"type":"if","locations":[{"start":{"line":114,"column":28},"end":{"line":117,"column":29}},{"start":{"line":114,"column":28},"end":{"line":117,"column":29}}],"line":114},"17":{"loc":{"start":{"line":116,"column":32},"end":{"line":116,"column":62}},"type":"if","locations":[{"start":{"line":116,"column":32},"end":{"line":116,"column":62}},{"start":{"line":116,"column":32},"end":{"line":116,"column":62}}],"line":116},"18":{"loc":{"start":{"line":116,"column":36},"end":{"line":116,"column":53}},"type":"binary-expr","locations":[{"start":{"line":116,"column":36},"end":{"line":116,"column":37}},{"start":{"line":116,"column":41},"end":{"line":116,"column":53}}],"line":116},"19":{"loc":{"start":{"line":120,"column":24},"end":{"line":120,"column":92}},"type":"if","locations":[{"start":{"line":120,"column":24},"end":{"line":120,"column":92}},{"start":{"line":120,"column":24},"end":{"line":120,"column":92}}],"line":120},"20":{"loc":{"start":{"line":120,"column":28},"end":{"line":120,"column":83}},"type":"binary-expr","locations":[{"start":{"line":120,"column":28},"end":{"line":120,"column":47}},{"start":{"line":120,"column":51},"end":{"line":120,"column":83}}],"line":120},"21":{"loc":{"start":{"line":121,"column":24},"end":{"line":121,"column":119}},"type":"if","locations":[{"start":{"line":121,"column":24},"end":{"line":121,"column":119}},{"start":{"line":121,"column":24},"end":{"line":121,"column":119}}],"line":121},"22":{"loc":{"start":{"line":121,"column":28},"end":{"line":121,"column":110}},"type":"binary-expr","locations":[{"start":{"line":121,"column":28},"end":{"line":121,"column":49}},{"start":{"line":121,"column":53},"end":{"line":121,"column":73}},{"start":{"line":121,"column":77},"end":{"line":121,"column":110}}],"line":121},"23":{"loc":{"start":{"line":123,"column":40},"end":{"line":129,"column":41}},"type":"cond-expr","locations":[{"start":{"line":124,"column":30},"end":{"line":126,"column":41}},{"start":{"line":127,"column":30},"end":{"line":129,"column":41}}],"line":123},"24":{"loc":{"start":{"line":131,"column":24},"end":{"line":135,"column":25}},"type":"if","locations":[{"start":{"line":131,"column":24},"end":{"line":135,"column":25}},{"start":{"line":131,"column":24},"end":{"line":135,"column":25}}],"line":131},"25":{"loc":{"start":{"line":131,"column":28},"end":{"line":131,"column":76}},"type":"binary-expr","locations":[{"start":{"line":131,"column":28},"end":{"line":131,"column":45}},{"start":{"line":131,"column":49},"end":{"line":131,"column":76}}],"line":131},"26":{"loc":{"start":{"line":139,"column":20},"end":{"line":139,"column":88}},"type":"if","locations":[{"start":{"line":139,"column":20},"end":{"line":139,"column":88}},{"start":{"line":139,"column":20},"end":{"line":139,"column":88}}],"line":139},"27":{"loc":{"start":{"line":143,"column":12},"end":{"line":144,"column":47}},"type":"if","locations":[{"start":{"line":143,"column":12},"end":{"line":144,"column":47}},{"start":{"line":143,"column":12},"end":{"line":144,"column":47}}],"line":143},"28":{"loc":{"start":{"line":143,"column":16},"end":{"line":143,"column":55}},"type":"binary-expr","locations":[{"start":{"line":143,"column":16},"end":{"line":143,"column":27}},{"start":{"line":143,"column":31},"end":{"line":143,"column":55}}],"line":143},"29":{"loc":{"start":{"line":174,"column":8},"end":{"line":200,"column":9}},"type":"if","locations":[{"start":{"line":174,"column":8},"end":{"line":200,"column":9}},{"start":{"line":174,"column":8},"end":{"line":200,"column":9}}],"line":174},"30":{"loc":{"start":{"line":179,"column":29},"end":{"line":179,"column":50}},"type":"binary-expr","locations":[{"start":{"line":179,"column":29},"end":{"line":179,"column":44}},{"start":{"line":179,"column":48},"end":{"line":179,"column":50}}],"line":179},"31":{"loc":{"start":{"line":185,"column":15},"end":{"line":200,"column":9}},"type":"if","locations":[{"start":{"line":185,"column":15},"end":{"line":200,"column":9}},{"start":{"line":185,"column":15},"end":{"line":200,"column":9}}],"line":185},"32":{"loc":{"start":{"line":194,"column":22},"end":{"line":194,"column":32}},"type":"binary-expr","locations":[{"start":{"line":194,"column":22},"end":{"line":194,"column":26}},{"start":{"line":194,"column":30},"end":{"line":194,"column":32}}],"line":194},"33":{"loc":{"start":{"line":197,"column":29},"end":{"line":197,"column":50}},"type":"binary-expr","locations":[{"start":{"line":197,"column":29},"end":{"line":197,"column":44}},{"start":{"line":197,"column":48},"end":{"line":197,"column":50}}],"line":197}},"s":{"0":2,"1":2,"2":31,"3":31,"4":1,"5":1,"6":30,"7":1,"8":1,"9":31,"10":31,"11":31,"12":31,"13":31,"14":31,"15":241,"16":241,"17":241,"18":241,"19":241,"20":1,"21":241,"22":241,"23":1573,"24":980,"25":69,"26":911,"27":31,"28":880,"29":880,"30":160,"31":720,"32":880,"33":880,"34":122,"35":122,"36":758,"37":758,"38":241,"39":1592,"40":1592,"41":1592,"42":8501,"43":8369,"44":8369,"45":272,"46":272,"47":230,"48":8271,"49":228,"50":8043,"51":104,"52":7939,"53":7939,"54":6820,"55":1119,"56":1592,"57":1335,"58":241,"59":241,"60":31,"61":6,"62":6,"63":6,"64":6,"65":1,"66":1,"67":1,"68":1,"69":1,"70":5,"71":1,"72":1,"73":1,"74":4,"75":4,"76":4,"77":3,"78":2},"f":{"0":31,"1":241,"2":1573,"3":980,"4":1592,"5":8501,"6":6},"b":{"0":[1,30],"1":[1,29],"2":[2,29],"3":[1,30],"4":[1,240],"5":[69,911],"6":[980,111],"7":[31,880],"8":[911,116,74],"9":[160,720],"10":[646,74],"11":[122,758],"12":[880,129],"13":[91,31],"14":[20,1572],"15":[8369,132],"16":[272,8097],"17":[230,42],"18":[272,230],"19":[228,8043],"20":[8271,366],"21":[104,7939],"22":[8043,382,244],"23":[7695,244],"24":[6820,1119],"25":[7939,6820],"26":[1335,257],"27":[241,0],"28":[241,241],"29":[1,5],"30":[1,0],"31":[1,4],"32":[4,1],"33":[4,1]},"_coverageSchema":"332fd63041d2c1bcb487cc26dd0d5f7d97098a6c","hash":"42933ba0f65a11a4c77298624f2c57662230a761"}
}
