TN:
SF:/Users/d032233/dev/github/tabletojson/lib/tabletojson.js
FN:24,(anonymous_0)
FN:59,(anonymous_1)
FN:72,(anonymous_2)
FN:75,(anonymous_3)
FN:106,(anonymous_4)
FN:110,(anonymous_5)
FN:169,(anonymous_6)
FNF:7
FNH:7
FNDA:31,(anonymous_0)
FNDA:241,(anonymous_1)
FNDA:1573,(anonymous_2)
FNDA:980,(anonymous_3)
FNDA:1592,(anonymous_4)
FNDA:8501,(anonymous_5)
FNDA:6,(anonymous_6)
DA:3,2
DA:4,2
DA:25,31
DA:43,31
DA:44,1
DA:45,1
DA:46,30
DA:47,1
DA:48,1
DA:51,31
DA:52,31
DA:54,31
DA:56,31
DA:57,31
DA:59,31
DA:60,241
DA:61,241
DA:65,241
DA:67,241
DA:69,241
DA:70,241
DA:72,241
DA:73,1573
DA:76,980
DA:77,911
DA:78,880
DA:80,880
DA:81,160
DA:83,720
DA:92,880
DA:93,880
DA:94,122
DA:95,122
DA:97,758
DA:98,758
DA:104,241
DA:107,1592
DA:109,1592
DA:110,1592
DA:112,8501
DA:113,8369
DA:114,8369
DA:115,272
DA:116,272
DA:120,8271
DA:121,8043
DA:123,7939
DA:131,7939
DA:132,6820
DA:134,1119
DA:139,1592
DA:143,241
DA:144,241
DA:147,31
DA:170,6
DA:171,6
DA:172,6
DA:174,6
DA:176,1
DA:179,1
DA:180,1
DA:183,1
DA:184,1
DA:185,5
DA:187,1
DA:190,1
DA:191,1
DA:194,4
DA:197,4
DA:198,4
DA:199,3
DA:205,2
LF:72
LH:72
BRDA:43,0,0,1
BRDA:43,0,1,30
BRDA:46,1,0,1
BRDA:46,1,1,29
BRDA:56,2,0,2
BRDA:56,2,1,29
BRDA:57,3,0,1
BRDA:57,3,1,30
BRDA:69,4,0,1
BRDA:69,4,1,240
BRDA:76,5,0,69
BRDA:76,5,1,911
BRDA:76,6,0,980
BRDA:76,6,1,111
BRDA:77,7,0,31
BRDA:77,7,1,880
BRDA:77,8,0,911
BRDA:77,8,1,116
BRDA:77,8,2,74
BRDA:80,9,0,160
BRDA:80,9,1,720
BRDA:83,10,0,646
BRDA:83,10,1,74
BRDA:93,11,0,122
BRDA:93,11,1,758
BRDA:93,12,0,880
BRDA:93,12,1,129
BRDA:95,13,0,91
BRDA:95,13,1,31
BRDA:109,14,0,20
BRDA:109,14,1,1572
BRDA:112,15,0,8369
BRDA:112,15,1,132
BRDA:114,16,0,272
BRDA:114,16,1,8097
BRDA:116,17,0,230
BRDA:116,17,1,42
BRDA:116,18,0,272
BRDA:116,18,1,230
BRDA:120,19,0,228
BRDA:120,19,1,8043
BRDA:120,20,0,8271
BRDA:120,20,1,366
BRDA:121,21,0,104
BRDA:121,21,1,7939
BRDA:121,22,0,8043
BRDA:121,22,1,382
BRDA:121,22,2,244
BRDA:123,23,0,7695
BRDA:123,23,1,244
BRDA:131,24,0,6820
BRDA:131,24,1,1119
BRDA:131,25,0,7939
BRDA:131,25,1,6820
BRDA:139,26,0,1335
BRDA:139,26,1,257
BRDA:143,27,0,241
BRDA:143,27,1,0
BRDA:143,28,0,241
BRDA:143,28,1,241
BRDA:174,29,0,1
BRDA:174,29,1,5
BRDA:179,30,0,1
BRDA:179,30,1,0
BRDA:185,31,0,1
BRDA:185,31,1,4
BRDA:194,32,0,4
BRDA:194,32,1,1
BRDA:197,33,0,4
BRDA:197,33,1,1
BRF:70
BRH:68
end_of_record
