TN:
SF:/Users/d032233/dev/github/tabletojson/lib/tabletojson.js
FN:24,(anonymous_0)
FN:60,(anonymous_1)
FN:73,(anonymous_2)
FN:76,(anonymous_3)
FN:107,(anonymous_4)
FN:111,(anonymous_5)
FN:174,(anonymous_6)
FNF:7
FNH:7
FNDA:33,(anonymous_0)
FNDA:285,(anonymous_1)
FNDA:6872,(anonymous_2)
FNDA:1132,(anonymous_3)
FNDA:6700,(anonymous_4)
FNDA:23764,(anonymous_5)
FNDA:6,(anonymous_6)
DA:3,2
DA:4,2
DA:25,33
DA:44,33
DA:45,1
DA:46,1
DA:47,32
DA:48,1
DA:49,1
DA:52,33
DA:53,33
DA:55,33
DA:57,33
DA:58,33
DA:60,33
DA:61,285
DA:62,285
DA:66,285
DA:68,285
DA:70,285
DA:71,285
DA:73,285
DA:74,6872
DA:77,1132
DA:78,1057
DA:79,1023
DA:81,1023
DA:82,172
DA:84,851
DA:93,1023
DA:94,1023
DA:95,136
DA:96,136
DA:98,887
DA:99,887
DA:105,285
DA:108,6700
DA:110,6700
DA:111,6700
DA:113,23764
DA:114,23032
DA:115,23032
DA:116,292
DA:117,292
DA:121,23514
DA:122,22086
DA:124,21382
DA:132,21382
DA:133,20226
DA:135,1156
DA:140,6700
DA:142,6700
DA:143,1
DA:148,285
DA:149,285
DA:152,33
DA:175,6
DA:176,6
DA:177,6
DA:179,6
DA:181,1
DA:184,1
DA:185,1
DA:188,1
DA:189,1
DA:190,5
DA:192,1
DA:195,1
DA:196,1
DA:199,4
DA:202,4
DA:203,4
DA:204,3
DA:210,2
LF:74
LH:74
BRDA:44,0,0,1
BRDA:44,0,1,32
BRDA:47,1,0,1
BRDA:47,1,1,31
BRDA:57,2,0,2
BRDA:57,2,1,31
BRDA:58,3,0,1
BRDA:58,3,1,32
BRDA:70,4,0,1
BRDA:70,4,1,284
BRDA:77,5,0,75
BRDA:77,5,1,1057
BRDA:77,6,0,1132
BRDA:77,6,1,120
BRDA:78,7,0,34
BRDA:78,7,1,1023
BRDA:78,8,0,1057
BRDA:78,8,1,125
BRDA:78,8,2,80
BRDA:81,9,0,172
BRDA:81,9,1,851
BRDA:84,10,0,771
BRDA:84,10,1,80
BRDA:94,11,0,136
BRDA:94,11,1,887
BRDA:94,12,0,1023
BRDA:94,12,1,143
BRDA:96,13,0,101
BRDA:96,13,1,35
BRDA:110,14,0,19
BRDA:110,14,1,6681
BRDA:113,15,0,23032
BRDA:113,15,1,732
BRDA:115,16,0,292
BRDA:115,16,1,22740
BRDA:117,17,0,250
BRDA:117,17,1,42
BRDA:117,18,0,292
BRDA:117,18,1,250
BRDA:121,19,0,1428
BRDA:121,19,1,22086
BRDA:121,20,0,23514
BRDA:121,20,1,2166
BRDA:122,21,0,704
BRDA:122,21,1,21382
BRDA:122,22,0,22086
BRDA:122,22,1,2182
BRDA:122,22,2,1444
BRDA:124,23,0,19938
BRDA:124,23,1,1444
BRDA:132,24,0,20226
BRDA:132,24,1,1156
BRDA:132,25,0,21382
BRDA:132,25,1,20226
BRDA:140,26,0,6397
BRDA:140,26,1,303
BRDA:142,27,0,1
BRDA:142,27,1,6699
BRDA:142,28,0,6700
BRDA:142,28,1,49
BRDA:148,29,0,285
BRDA:148,29,1,0
BRDA:148,30,0,285
BRDA:148,30,1,285
BRDA:179,31,0,1
BRDA:179,31,1,5
BRDA:184,32,0,1
BRDA:184,32,1,0
BRDA:190,33,0,1
BRDA:190,33,1,4
BRDA:199,34,0,4
BRDA:199,34,1,1
BRDA:202,35,0,4
BRDA:202,35,1,1
BRF:74
BRH:72
end_of_record
